2023-01-21 08:09:31,382 [Worker-2: Loading available Gradle versions] INFO  o.e.b.c.i.u.g.PublishedGradleVersions - Gradle version information cache is up-to-date. Trying to read.
2023-01-21 08:10:29,682 [Worker-3: Importing Maven projects] INFO  o.e.m.c.i.l.LifecycleMappingFactory - Using org.eclipse.m2e.jdt.JarLifecycleMapping lifecycle mapping for MavenProject: com.ternion:RFO:0.0.1-SNAPSHOT @ D:\bscamp\Restaurant-Food-Ordering\backend\RFO\pom.xml.
2023-01-21 08:10:33,911 [Worker-3: Importing Maven projects] INFO  o.e.m.j.i.AbstractJavaProjectConfigurator - Adding source folder /RFO/src/main/java
2023-01-21 08:10:33,912 [Worker-3: Importing Maven projects] INFO  o.e.m.j.i.AbstractJavaProjectConfigurator - Adding resource folder /RFO/src/main/resources
2023-01-21 08:10:33,918 [Worker-3: Importing Maven projects] INFO  o.e.m.j.i.AbstractJavaProjectConfigurator - Adding resource folder /RFO/src/main/resources
2023-01-21 08:10:33,923 [Worker-3: Importing Maven projects] INFO  o.e.m.j.i.AbstractJavaProjectConfigurator - Adding source folder /RFO/src/test/java
2023-01-21 08:10:35,823 [Worker-3: Importing Maven projects] INFO  o.e.m.c.i.p.ProjectConfigurationManager - Imported and configured 1 project(s) in 20 sec
2023-01-21 08:10:40,622 [Worker-1: Building] INFO  o.e.m.c.i.embedder.EclipseLogger - Using 'UTF-8' encoding to copy filtered resources.
2023-01-21 08:10:40,622 [Worker-1: Building] INFO  o.e.m.c.i.embedder.EclipseLogger - Using 'UTF-8' encoding to copy filtered properties files.
2023-01-21 08:10:40,632 [Worker-1: Building] INFO  o.e.m.c.i.embedder.EclipseLogger - Copying 1 resource
2023-01-21 08:10:40,679 [Worker-1: Building] INFO  o.e.m.c.i.embedder.EclipseLogger - Copying 111 resources
2023-01-21 08:10:42,233 [Worker-1: Building] INFO  o.e.m.c.i.embedder.EclipseLogger - Using 'UTF-8' encoding to copy filtered resources.
2023-01-21 08:10:42,233 [Worker-1: Building] INFO  o.e.m.c.i.embedder.EclipseLogger - Using 'UTF-8' encoding to copy filtered properties files.
2023-01-21 08:10:42,233 [Worker-1: Building] INFO  o.e.m.c.i.embedder.EclipseLogger - skip non existing resourceDirectory D:\bscamp\Restaurant-Food-Ordering\backend\RFO\src\test\resources
2023-01-21 08:12:04,252 [Worker-3: Building] INFO  o.e.m.c.i.embedder.EclipseLogger - Using 'UTF-8' encoding to copy filtered resources.
2023-01-21 08:12:04,253 [Worker-3: Building] INFO  o.e.m.c.i.embedder.EclipseLogger - Using 'UTF-8' encoding to copy filtered properties files.
2023-01-21 08:12:04,254 [Worker-3: Building] INFO  o.e.m.c.i.embedder.EclipseLogger - Copying 0 resource
2023-01-21 08:12:04,255 [Worker-3: Building] INFO  o.e.m.c.i.embedder.EclipseLogger - Copying 0 resource
2023-01-21 08:12:04,260 [Worker-3: Building] INFO  o.e.m.c.i.embedder.EclipseLogger - Using 'UTF-8' encoding to copy filtered resources.
2023-01-21 08:12:04,260 [Worker-3: Building] INFO  o.e.m.c.i.embedder.EclipseLogger - Using 'UTF-8' encoding to copy filtered properties files.
2023-01-21 08:12:04,260 [Worker-3: Building] INFO  o.e.m.c.i.embedder.EclipseLogger - skip non existing resourceDirectory D:\bscamp\Restaurant-Food-Ordering\backend\RFO\src\test\resources
2023-01-21 08:12:12,996 [Start Help Server] INFO  org.eclipse.jetty.server.Server - jetty-10.0.11; built: 2022-06-21T21:12:44.640Z; git: d988aa016e0bb2de6fba84c1659049c72eae3e32; jvm 17.0.5+8
2023-01-21 08:12:13,049 [Start Help Server] INFO  o.e.j.s.s.DefaultSessionIdManager - Session workerName=node0
2023-01-21 08:12:13,146 [Start Help Server] INFO  o.e.j.server.handler.ContextHandler - Started o.e.j.s.ServletContextHandler@19cd5248{/help,null,AVAILABLE}
2023-01-21 08:12:13,189 [Start Help Server] INFO  o.e.jetty.server.AbstractConnector - Started ServerConnector@45e3e78e{HTTP/1.1, (http/1.1)}{127.0.0.1:56521}
2023-01-21 08:12:13,194 [Start Help Server] INFO  org.eclipse.jetty.server.Server - Started Server@151e6997{STARTING}[10.0.11,sto=0] @210170ms
2023-01-21 08:26:35,349 [Worker-13: Building] INFO  o.e.m.c.i.embedder.EclipseLogger - Using 'UTF-8' encoding to copy filtered resources.
2023-01-21 08:26:35,349 [Worker-13: Building] INFO  o.e.m.c.i.embedder.EclipseLogger - Using 'UTF-8' encoding to copy filtered properties files.
2023-01-21 08:26:35,350 [Worker-13: Building] INFO  o.e.m.c.i.embedder.EclipseLogger - Copying 0 resource
2023-01-21 08:26:35,350 [Worker-13: Building] INFO  o.e.m.c.i.embedder.EclipseLogger - Copying 0 resource
2023-01-21 08:26:35,355 [Worker-13: Building] INFO  o.e.m.c.i.embedder.EclipseLogger - Using 'UTF-8' encoding to copy filtered resources.
2023-01-21 08:26:35,355 [Worker-13: Building] INFO  o.e.m.c.i.embedder.EclipseLogger - Using 'UTF-8' encoding to copy filtered properties files.
2023-01-21 08:26:35,355 [Worker-13: Building] INFO  o.e.m.c.i.embedder.EclipseLogger - skip non existing resourceDirectory D:\bscamp\Restaurant-Food-Ordering\backend\RFO\src\test\resources
2023-01-21 10:14:54,800 [Stop Help Server] INFO  org.eclipse.jetty.server.Server - Stopped Server@151e6997{STOPPING}[10.0.11,sto=0]
2023-01-21 10:14:54,838 [Stop Help Server] INFO  o.e.jetty.server.AbstractConnector - Stopped ServerConnector@45e3e78e{HTTP/1.1, (http/1.1)}{127.0.0.1:0}
2023-01-21 10:14:55,021 [Stop Help Server] INFO  o.e.j.server.handler.ContextHandler - Stopped o.e.j.s.ServletContextHandler@19cd5248{/help,null,STOPPED}
2023-01-22 11:56:44,968 [Worker-1: Loading available Gradle versions] INFO  o.e.b.c.i.u.g.PublishedGradleVersions - Gradle version information cache is out-of-date. Trying to update.
2023-01-22 12:09:11,124 [Worker-9: Building] INFO  o.e.m.c.i.embedder.EclipseLogger - Using 'UTF-8' encoding to copy filtered resources.
2023-01-22 12:09:11,129 [Worker-9: Building] INFO  o.e.m.c.i.embedder.EclipseLogger - Using 'UTF-8' encoding to copy filtered properties files.
2023-01-22 12:09:11,140 [Worker-9: Building] INFO  o.e.m.c.i.embedder.EclipseLogger - Copying 1 resource
2023-01-22 12:09:11,211 [Worker-9: Building] INFO  o.e.m.c.i.embedder.EclipseLogger - Copying 111 resources
2023-01-22 12:09:11,305 [Worker-9: Building] INFO  o.e.m.c.i.embedder.EclipseLogger - Using 'UTF-8' encoding to copy filtered resources.
2023-01-22 12:09:11,305 [Worker-9: Building] INFO  o.e.m.c.i.embedder.EclipseLogger - Using 'UTF-8' encoding to copy filtered properties files.
2023-01-22 12:09:11,305 [Worker-9: Building] INFO  o.e.m.c.i.embedder.EclipseLogger - skip non existing resourceDirectory D:\bscamp\Restaurant-Food-Ordering\backend\RFO\src\test\resources
2023-01-22 12:14:05,399 [Worker-20: Building] INFO  o.e.m.c.i.embedder.EclipseLogger - Using 'UTF-8' encoding to copy filtered resources.
2023-01-22 12:14:05,399 [Worker-20: Building] INFO  o.e.m.c.i.embedder.EclipseLogger - Using 'UTF-8' encoding to copy filtered properties files.
2023-01-22 12:14:05,435 [Worker-20: Building] INFO  o.e.m.c.i.embedder.EclipseLogger - Copying 1 resource
2023-01-22 12:14:05,454 [Worker-20: Building] INFO  o.e.m.c.i.embedder.EclipseLogger - Copying 111 resources
2023-01-22 12:14:05,559 [Worker-20: Building] INFO  o.e.m.c.i.embedder.EclipseLogger - Using 'UTF-8' encoding to copy filtered resources.
2023-01-22 12:14:05,559 [Worker-20: Building] INFO  o.e.m.c.i.embedder.EclipseLogger - Using 'UTF-8' encoding to copy filtered properties files.
2023-01-22 12:14:05,559 [Worker-20: Building] INFO  o.e.m.c.i.embedder.EclipseLogger - skip non existing resourceDirectory D:\bscamp\Restaurant-Food-Ordering\backend\RFO\src\test\resources
